app/manifest-merger-release-report.txt
-- Merging decision tree log ---
manifest
ADDED from AndroidManifest.xml:2:1
	package
		ADDED from AndroidManifest.xml:3:5
		INJECTED from AndroidManifest.xml:0:0
		INJECTED from AndroidManifest.xml:0:0
	android:versionName
		INJECTED from AndroidManifest.xml:0:0
		INJECTED from AndroidManifest.xml:0:0
	xmlns:android
		ADDED from AndroidManifest.xml:2:11
	android:versionCode
		INJECTED from AndroidManifest.xml:0:0
		INJECTED from AndroidManifest.xml:0:0
application
ADDED from AndroidManifest.xml:5:5
MERGED from com.android.support:appcompat-v7:21.0.2:16:5
MERGED from com.android.support:support-v4:21.0.2:16:5
MERGED from com.android.support:support-v4:21.0.2:16:5
MERGED from com.android.support:support-v13:21.0.2:16:5
MERGED from com.android.support:support-v4:21.0.2:16:5
MERGED from com.commonsware.cwac:camera:0.6.12:11:5
MERGED from com.mixpanel.android:mixpanel-android:4.5.3:44:5
MERGED from com.google.android.gms:play-services:6.1.71:16:5
MERGED from com.android.support:support-v4:21.0.2:16:5
MERGED from com.github.chrisbanes.photoview:library:1.2.3:4:5
MERGED from com.android.support:support-v4:21.0.2:16:5
MERGED from com.github.navasmdc:MaterialDesign:1.4:11:5
MERGED from flooz-android:tooltips:unspecified:11:5
MERGED from com.android.support:support-v4:21.0.2:16:5
MERGED from com.facebook.android:facebook:3.20.0:24:5
MERGED from com.android.support:support-v4:21.0.2:16:5
MERGED from flooz-android:pullRefreshLayout:unspecified:11:5
MERGED from com.android.support:support-v4:21.0.2:16:5
	android:label
		ADDED from AndroidManifest.xml:8:9
	android:hardwareAccelerated
		ADDED from com.github.chrisbanes.photoview:library:1.2.3:4:45
	tools:ignore
		ADDED from com.mixpanel.android:mixpanel-android:4.5.3:44:18
	android:allowBackup
		ADDED from AndroidManifest.xml:6:9
	android:icon
		ADDED from AndroidManifest.xml:10:9
	android:largeHeap
		ADDED from AndroidManifest.xml:11:9
	android:theme
		ADDED from AndroidManifest.xml:7:9
	android:name
		ADDED from AndroidManifest.xml:9:9
activity#me.flooz.app.UI.Activity.LoadingActivity
ADDED from AndroidManifest.xml:13:9
	android:screenOrientation
		ADDED from AndroidManifest.xml:15:13
	android:label
		ADDED from AndroidManifest.xml:14:13
	android:name
		ADDED from AndroidManifest.xml:16:13
intent-filter#android.intent.action.MAIN+android.intent.category.LAUNCHER
ADDED from AndroidManifest.xml:17:13
action#android.intent.action.MAIN
ADDED from AndroidManifest.xml:18:17
	android:name
		ADDED from AndroidManifest.xml:18:25
category#android.intent.category.LAUNCHER
ADDED from AndroidManifest.xml:19:17
	android:name
		ADDED from AndroidManifest.xml:19:27
intent-filter#android.intent.action.VIEW+android.intent.category.BROWSABLE+android.intent.category.DEFAULT
ADDED from AndroidManifest.xml:21:13
data
ADDED from AndroidManifest.xml:22:17
	android:scheme
		ADDED from AndroidManifest.xml:22:23
action#android.intent.action.VIEW
ADDED from AndroidManifest.xml:23:17
	android:name
		ADDED from AndroidManifest.xml:23:25
category#android.intent.category.DEFAULT
ADDED from AndroidManifest.xml:24:17
	android:name
		ADDED from AndroidManifest.xml:24:27
category#android.intent.category.BROWSABLE
ADDED from AndroidManifest.xml:25:17
	android:name
		ADDED from AndroidManifest.xml:25:27
activity#me.flooz.app.UI.Activity.StartActivity
ADDED from AndroidManifest.xml:29:9
	android:screenOrientation
		ADDED from AndroidManifest.xml:31:13
	android:label
		ADDED from AndroidManifest.xml:30:13
	android:name
		ADDED from AndroidManifest.xml:32:13
activity#me.flooz.app.UI.Activity.SignupActivity
ADDED from AndroidManifest.xml:35:9
	android:screenOrientation
		ADDED from AndroidManifest.xml:37:13
	android:label
		ADDED from AndroidManifest.xml:36:13
	android:name
		ADDED from AndroidManifest.xml:38:13
activity#me.flooz.app.UI.Activity.SigninActivity
ADDED from AndroidManifest.xml:41:9
	android:screenOrientation
		ADDED from AndroidManifest.xml:43:13
	android:label
		ADDED from AndroidManifest.xml:42:13
	android:windowSoftInputMode
		ADDED from AndroidManifest.xml:45:13
	android:name
		ADDED from AndroidManifest.xml:44:13
activity#me.flooz.app.UI.Activity.InvitationCodeActivity
ADDED from AndroidManifest.xml:48:9
	android:screenOrientation
		ADDED from AndroidManifest.xml:50:13
	android:label
		ADDED from AndroidManifest.xml:49:13
	android:windowSoftInputMode
		ADDED from AndroidManifest.xml:52:13
	android:name
		ADDED from AndroidManifest.xml:51:13
activity#me.flooz.app.UI.Activity.HomeActivity
ADDED from AndroidManifest.xml:55:9
	android:screenOrientation
		ADDED from AndroidManifest.xml:57:13
	android:label
		ADDED from AndroidManifest.xml:56:13
	android:exported
		ADDED from AndroidManifest.xml:59:13
	android:windowSoftInputMode
		ADDED from AndroidManifest.xml:60:13
	android:name
		ADDED from AndroidManifest.xml:58:13
activity#com.facebook.LoginActivity
ADDED from AndroidManifest.xml:63:9
	android:label
		ADDED from AndroidManifest.xml:65:13
	android:name
		ADDED from AndroidManifest.xml:64:13
activity#scanpay.it.ScanPayActivity
ADDED from AndroidManifest.xml:68:9
	android:screenOrientation
		ADDED from AndroidManifest.xml:71:13
	android:configChanges
		ADDED from AndroidManifest.xml:70:13
	android:theme
		ADDED from AndroidManifest.xml:72:13
	android:name
		ADDED from AndroidManifest.xml:69:13
activity#scanpay.it.ValidationActivity
ADDED from AndroidManifest.xml:75:9
	android:screenOrientation
		ADDED from AndroidManifest.xml:77:13
	android:windowSoftInputMode
		ADDED from AndroidManifest.xml:79:13
	android:theme
		ADDED from AndroidManifest.xml:78:13
	android:name
		ADDED from AndroidManifest.xml:76:13
activity#com.mixpanel.android.surveys.SurveyActivity
ADDED from AndroidManifest.xml:82:9
	android:theme
		ADDED from AndroidManifest.xml:83:13
	android:name
		ADDED from AndroidManifest.xml:82:19
meta-data#com.facebook.sdk.ApplicationId
ADDED from AndroidManifest.xml:85:9
	android:value
		ADDED from AndroidManifest.xml:85:66
	android:name
		ADDED from AndroidManifest.xml:85:20
receiver#me.flooz.app.App.GcmBroadcastReceiver
ADDED from AndroidManifest.xml:87:9
	android:permission
		ADDED from AndroidManifest.xml:89:13
	android:name
		ADDED from AndroidManifest.xml:88:13
intent-filter#com.google.android.c2dm.intent.RECEIVE+me.flooz.app
ADDED from AndroidManifest.xml:90:13
action#com.google.android.c2dm.intent.RECEIVE
ADDED from AndroidManifest.xml:91:17
	android:name
		ADDED from AndroidManifest.xml:91:25
category#me.flooz.app
ADDED from AndroidManifest.xml:92:17
	android:name
		ADDED from AndroidManifest.xml:92:27
receiver#com.mixpanel.android.mpmetrics.GCMReceiver
ADDED from AndroidManifest.xml:95:9
	android:permission
		ADDED from AndroidManifest.xml:97:13
	android:name
		ADDED from AndroidManifest.xml:96:13
intent-filter#YOUR_PACKAGE_NAME+com.google.android.c2dm.intent.RECEIVE+com.google.android.c2dm.intent.REGISTRATION
ADDED from AndroidManifest.xml:98:13
action#com.google.android.c2dm.intent.REGISTRATION
ADDED from AndroidManifest.xml:101:17
	android:name
		ADDED from AndroidManifest.xml:102:21
category#YOUR_PACKAGE_NAME
ADDED from AndroidManifest.xml:103:17
	android:name
		ADDED from AndroidManifest.xml:103:27
service#me.flooz.app.App.GcmIntentService
ADDED from AndroidManifest.xml:106:9
	android:name
		ADDED from AndroidManifest.xml:106:18
meta-data#com.crashlytics.ApiKey
ADDED from AndroidManifest.xml:107:9
	android:value
		ADDED from AndroidManifest.xml:107:58
	android:name
		ADDED from AndroidManifest.xml:107:20
uses-permission#android.permission.CAMERA
ADDED from AndroidManifest.xml:110:5
	android:name
		ADDED from AndroidManifest.xml:110:22
uses-permission#android.permission.VIBRATE
ADDED from AndroidManifest.xml:111:5
	android:name
		ADDED from AndroidManifest.xml:111:22
uses-permission#android.permission.INTERNET
ADDED from AndroidManifest.xml:112:5
MERGED from com.mixpanel.android:mixpanel-android:4.5.3:17:5
	android:name
		ADDED from AndroidManifest.xml:112:22
uses-permission#android.permission.WAKE_LOCK
ADDED from AndroidManifest.xml:113:5
	android:name
		ADDED from AndroidManifest.xml:113:22
uses-permission#android.permission.GET_ACCOUNTS
ADDED from AndroidManifest.xml:114:5
	android:name
		ADDED from AndroidManifest.xml:114:22
uses-permission#android.permission.READ_CONTACTS
ADDED from AndroidManifest.xml:115:5
	android:name
		ADDED from AndroidManifest.xml:115:22
uses-permission#android.permission.ACCESS_NETWORK_STATE
ADDED from AndroidManifest.xml:116:5
	android:name
		ADDED from AndroidManifest.xml:116:22
uses-permission#android.permission.READ_EXTERNAL_STORAGE
ADDED from AndroidManifest.xml:117:5
	android:name
		ADDED from AndroidManifest.xml:117:22
uses-permission#com.google.android.c2dm.permission.RECEIVE
ADDED from AndroidManifest.xml:118:5
	android:name
		ADDED from AndroidManifest.xml:118:22
uses-permission#me.flooz.app.permission.C2D_MESSAGE
ADDED from AndroidManifest.xml:119:5
	android:name
		ADDED from AndroidManifest.xml:119:22
uses-feature#android.hardware.camera
ADDED from AndroidManifest.xml:121:5
	android:required
		ADDED from AndroidManifest.xml:121:58
	android:name
		ADDED from AndroidManifest.xml:121:19
uses-feature#android.hardware.camera.flash
ADDED from AndroidManifest.xml:122:5
	android:required
		ADDED from AndroidManifest.xml:122:64
	android:name
		ADDED from AndroidManifest.xml:122:19
uses-feature#android.hardware.camera.autofocus
ADDED from AndroidManifest.xml:123:5
	android:required
		ADDED from AndroidManifest.xml:123:68
	android:name
		ADDED from AndroidManifest.xml:123:19
permission#me.flooz.app.permission.C2D_MESSAGE
ADDED from AndroidManifest.xml:125:5
	android:protectionLevel
		ADDED from AndroidManifest.xml:125:68
	android:name
		ADDED from AndroidManifest.xml:125:17
supports-screens
ADDED from AndroidManifest.xml:127:5
	android:largeScreens
		ADDED from AndroidManifest.xml:130:9
	android:smallScreens
		ADDED from AndroidManifest.xml:132:9
	android:normalScreens
		ADDED from AndroidManifest.xml:131:9
	android:xlargeScreens
		ADDED from AndroidManifest.xml:129:9
	android:anyDensity
		ADDED from AndroidManifest.xml:128:9
uses-sdk
INJECTED from AndroidManifest.xml:0:0 reason: use-sdk injection requested
MERGED from com.android.support:appcompat-v7:21.0.2:15:5
MERGED from com.android.support:support-v4:21.0.2:15:5
MERGED from com.android.support:support-v4:21.0.2:15:5
MERGED from com.android.support:support-v13:21.0.2:15:5
MERGED from com.android.support:support-v4:21.0.2:15:5
MERGED from com.makeramen:roundedimageview:1.3.0:3:3
MERGED from com.viewpagerindicator:library:2.4.1:3:5
MERGED from se.emilsjolander:stickylistheaders:2.5.2:7:5
MERGED from com.commonsware.cwac:camera:0.6.12:7:5
MERGED from com.mixpanel.android:mixpanel-android:4.5.3:11:5
MERGED from com.google.android.gms:play-services:6.1.71:15:5
MERGED from com.android.support:support-v4:21.0.2:15:5
MERGED from info.hoang8f:android-segmented:1.0.4:7:5
MERGED from com.github.chrisbanes.photoview:library:1.2.3:2:5
MERGED from com.android.support:support-v4:21.0.2:15:5
MERGED from com.github.navasmdc:MaterialDesign:1.4:7:5
MERGED from flooz-android:tooltips:unspecified:7:5
MERGED from flooz-android:slidingMenu:unspecified:7:5
MERGED from com.android.support:support-v4:21.0.2:15:5
MERGED from com.facebook.android:facebook:3.20.0:20:5
MERGED from com.android.support:support-v4:21.0.2:15:5
MERGED from flooz-android:pullRefreshLayout:unspecified:7:5
MERGED from com.android.support:support-v4:21.0.2:15:5
	android:targetSdkVersion
		INJECTED from AndroidManifest.xml:0:0
		INJECTED from AndroidManifest.xml:0:0
	tools:ignore
		ADDED from com.mixpanel.android:mixpanel-android:4.5.3:14:9
	android:minSdkVersion
		INJECTED from AndroidManifest.xml:0:0
		INJECTED from AndroidManifest.xml:0:0